2025-11-28T05:42:32.428Z INFO @wdio/local-runner: Run worker command: run
2025-11-28T05:42:32.451Z DEBUG @wdio/runner: init remote session
2025-11-28T05:42:32.457Z DEBUG @wdio/utils:initializeServices: initialize service "appium" as NPM package
2025-11-28T05:42:32.852Z DEBUG @wdio/runner: init remote session
2025-11-28T05:42:32.855Z INFO webdriver: Initiate new session using the WebDriver protocol
2025-11-28T05:42:32.855Z INFO @wdio/utils: Connecting to existing driver at http://127.0.0.1:4723/
2025-11-28T05:42:32.872Z INFO webdriver: [POST] http://127.0.0.1:4723/session
2025-11-28T05:42:45.483Z DEBUG @wdio/utils:shim: Finished to run "beforeTest" hook in 0ms
2025-11-28T05:42:45.487Z INFO webdriver: COMMAND activateApp("co.apollotech.payconnect.test.debug")
2025-11-28T05:42:45.488Z INFO webdriver: [POST] http://127.0.0.1:4723/session/af42ce31-74f7-47e7-96ed-5b1e48dad57c/appium/device/activate_app
2025-11-28T05:42:45.488Z INFO webdriver: DATA { appId: 'co.apollotech.payconnect.test.debug' }
2025-11-28T05:42:47.502Z INFO webdriver: RESULT null
2025-11-28T05:42:47.505Z INFO webdriver: COMMAND findElement("xpath", "//androidx.compose.ui.platform.ComposeView/android.view.View/android.view.View/android.view.View/android.view.View/android.view.View[2]/android.view.View[1]/android.widget.Button")
2025-11-28T05:42:47.506Z INFO webdriver: [POST] http://127.0.0.1:4723/session/af42ce31-74f7-47e7-96ed-5b1e48dad57c/element
2025-11-28T05:42:47.506Z INFO webdriver: DATA {
  using: 'xpath',
  value: '//androidx.compose.ui.platform.ComposeView/android.view.View/android.view.View/android.view.View/android.view.View/android.view.View[2]/android.view.View[1]/android.widget.Button'
}
2025-11-28T05:42:49.036Z INFO webdriver: RESULT {
  error: 'no such element',
  message: 'An element could not be located on the page using the given search parameters.',
  stacktrace: 'NoSuchElementError: An element could not be located on the page using the given search parameters.\n' +
    '    at AndroidUiautomator2Driver.findElOrEls (F:\\Project\\appium-payconnect\\node_modules\\appium-uiautomator2-driver\\node_modules\\appium-android-driver\\lib\\commands\\find.ts:86:11)\n' +
    '    at processTicksAndRejections (node:internal/process/task_queues:105:5)\n' +
    '    at AndroidUiautomator2Driver.findElOrElsWithProcessing (F:\\Project\\appium-payconnect\\node_modules\\@appium\\base-driver\\lib\\basedriver\\commands\\find.ts:60:12)\n' +
    '    at AndroidUiautomator2Driver.findElement (F:\\Project\\appium-payconnect\\node_modules\\@appium\\base-driver\\lib\\basedriver\\commands\\find.ts:75:12)'
}
2025-11-28T05:42:49.046Z INFO webdriver: COMMAND findElement("xpath", "//androidx.compose.ui.platform.ComposeView/android.view.View/android.view.View/android.view.View/android.view.View/android.view.View[2]/android.view.View[1]/android.widget.Button")
2025-11-28T05:42:49.047Z INFO webdriver: [POST] http://127.0.0.1:4723/session/af42ce31-74f7-47e7-96ed-5b1e48dad57c/element
2025-11-28T05:42:49.047Z INFO webdriver: DATA {
  using: 'xpath',
  value: '//androidx.compose.ui.platform.ComposeView/android.view.View/android.view.View/android.view.View/android.view.View/android.view.View[2]/android.view.View[1]/android.widget.Button'
}
2025-11-28T05:42:49.458Z INFO webdriver: RESULT {
  error: 'no such element',
  message: 'An element could not be located on the page using the given search parameters.',
  stacktrace: 'NoSuchElementError: An element could not be located on the page using the given search parameters.\n' +
    '    at AndroidUiautomator2Driver.findElOrEls (F:\\Project\\appium-payconnect\\node_modules\\appium-uiautomator2-driver\\node_modules\\appium-android-driver\\lib\\commands\\find.ts:86:11)\n' +
    '    at processTicksAndRejections (node:internal/process/task_queues:105:5)\n' +
    '    at AndroidUiautomator2Driver.findElOrElsWithProcessing (F:\\Project\\appium-payconnect\\node_modules\\@appium\\base-driver\\lib\\basedriver\\commands\\find.ts:60:12)\n' +
    '    at AndroidUiautomator2Driver.findElement (F:\\Project\\appium-payconnect\\node_modules\\@appium\\base-driver\\lib\\basedriver\\commands\\find.ts:75:12)'
}
2025-11-28T05:42:49.468Z INFO webdriver: COMMAND findElement("xpath", "//androidx.compose.ui.platform.ComposeView/android.view.View/android.view.View/android.view.View/android.view.View/android.view.View[2]/android.view.View[1]/android.widget.Button")
2025-11-28T05:42:49.469Z INFO webdriver: [POST] http://127.0.0.1:4723/session/af42ce31-74f7-47e7-96ed-5b1e48dad57c/element
2025-11-28T05:42:49.469Z INFO webdriver: DATA {
  using: 'xpath',
  value: '//androidx.compose.ui.platform.ComposeView/android.view.View/android.view.View/android.view.View/android.view.View/android.view.View[2]/android.view.View[1]/android.widget.Button'
}
2025-11-28T05:42:49.762Z INFO webdriver: RESULT {
  error: 'no such element',
  message: 'An element could not be located on the page using the given search parameters.',
  stacktrace: 'NoSuchElementError: An element could not be located on the page using the given search parameters.\n' +
    '    at AndroidUiautomator2Driver.findElOrEls (F:\\Project\\appium-payconnect\\node_modules\\appium-uiautomator2-driver\\node_modules\\appium-android-driver\\lib\\commands\\find.ts:86:11)\n' +
    '    at processTicksAndRejections (node:internal/process/task_queues:105:5)\n' +
    '    at AndroidUiautomator2Driver.findElOrElsWithProcessing (F:\\Project\\appium-payconnect\\node_modules\\@appium\\base-driver\\lib\\basedriver\\commands\\find.ts:60:12)\n' +
    '    at AndroidUiautomator2Driver.findElement (F:\\Project\\appium-payconnect\\node_modules\\@appium\\base-driver\\lib\\basedriver\\commands\\find.ts:75:12)'
}
2025-11-28T05:42:49.775Z INFO webdriver: COMMAND findElement("xpath", "//androidx.compose.ui.platform.ComposeView/android.view.View/android.view.View/android.view.View/android.view.View/android.view.View[2]/android.view.View[1]/android.widget.Button")
2025-11-28T05:42:49.776Z INFO webdriver: [POST] http://127.0.0.1:4723/session/af42ce31-74f7-47e7-96ed-5b1e48dad57c/element
2025-11-28T05:42:49.776Z INFO webdriver: DATA {
  using: 'xpath',
  value: '//androidx.compose.ui.platform.ComposeView/android.view.View/android.view.View/android.view.View/android.view.View/android.view.View[2]/android.view.View[1]/android.widget.Button'
}
2025-11-28T05:42:50.049Z INFO webdriver: RESULT {
  error: 'no such element',
  message: 'An element could not be located on the page using the given search parameters.',
  stacktrace: 'NoSuchElementError: An element could not be located on the page using the given search parameters.\n' +
    '    at AndroidUiautomator2Driver.findElOrEls (F:\\Project\\appium-payconnect\\node_modules\\appium-uiautomator2-driver\\node_modules\\appium-android-driver\\lib\\commands\\find.ts:86:11)\n' +
    '    at processTicksAndRejections (node:internal/process/task_queues:105:5)\n' +
    '    at AndroidUiautomator2Driver.findElOrElsWithProcessing (F:\\Project\\appium-payconnect\\node_modules\\@appium\\base-driver\\lib\\basedriver\\commands\\find.ts:60:12)\n' +
    '    at AndroidUiautomator2Driver.findElement (F:\\Project\\appium-payconnect\\node_modules\\@appium\\base-driver\\lib\\basedriver\\commands\\find.ts:75:12)'
}
2025-11-28T05:42:50.056Z INFO webdriver: COMMAND findElement("xpath", "//androidx.compose.ui.platform.ComposeView/android.view.View/android.view.View/android.view.View/android.view.View/android.view.View[2]/android.view.View[1]/android.widget.Button")
2025-11-28T05:42:50.057Z INFO webdriver: [POST] http://127.0.0.1:4723/session/af42ce31-74f7-47e7-96ed-5b1e48dad57c/element
2025-11-28T05:42:50.057Z INFO webdriver: DATA {
  using: 'xpath',
  value: '//androidx.compose.ui.platform.ComposeView/android.view.View/android.view.View/android.view.View/android.view.View/android.view.View[2]/android.view.View[1]/android.widget.Button'
}
2025-11-28T05:42:50.344Z INFO webdriver: RESULT {
  error: 'no such element',
  message: 'An element could not be located on the page using the given search parameters.',
  stacktrace: 'NoSuchElementError: An element could not be located on the page using the given search parameters.\n' +
    '    at AndroidUiautomator2Driver.findElOrEls (F:\\Project\\appium-payconnect\\node_modules\\appium-uiautomator2-driver\\node_modules\\appium-android-driver\\lib\\commands\\find.ts:86:11)\n' +
    '    at processTicksAndRejections (node:internal/process/task_queues:105:5)\n' +
    '    at AndroidUiautomator2Driver.findElOrElsWithProcessing (F:\\Project\\appium-payconnect\\node_modules\\@appium\\base-driver\\lib\\basedriver\\commands\\find.ts:60:12)\n' +
    '    at AndroidUiautomator2Driver.findElement (F:\\Project\\appium-payconnect\\node_modules\\@appium\\base-driver\\lib\\basedriver\\commands\\find.ts:75:12)'
}
2025-11-28T05:42:50.361Z INFO webdriver: COMMAND findElement("xpath", "//androidx.compose.ui.platform.ComposeView/android.view.View/android.view.View/android.view.View/android.view.View/android.view.View[2]/android.view.View[1]/android.widget.Button")
2025-11-28T05:42:50.361Z INFO webdriver: [POST] http://127.0.0.1:4723/session/af42ce31-74f7-47e7-96ed-5b1e48dad57c/element
2025-11-28T05:42:50.361Z INFO webdriver: DATA {
  using: 'xpath',
  value: '//androidx.compose.ui.platform.ComposeView/android.view.View/android.view.View/android.view.View/android.view.View/android.view.View[2]/android.view.View[1]/android.widget.Button'
}
2025-11-28T05:42:50.616Z INFO webdriver: RESULT {
  error: 'no such element',
  message: 'An element could not be located on the page using the given search parameters.',
  stacktrace: 'NoSuchElementError: An element could not be located on the page using the given search parameters.\n' +
    '    at AndroidUiautomator2Driver.findElOrEls (F:\\Project\\appium-payconnect\\node_modules\\appium-uiautomator2-driver\\node_modules\\appium-android-driver\\lib\\commands\\find.ts:86:11)\n' +
    '    at processTicksAndRejections (node:internal/process/task_queues:105:5)\n' +
    '    at AndroidUiautomator2Driver.findElOrElsWithProcessing (F:\\Project\\appium-payconnect\\node_modules\\@appium\\base-driver\\lib\\basedriver\\commands\\find.ts:60:12)\n' +
    '    at AndroidUiautomator2Driver.findElement (F:\\Project\\appium-payconnect\\node_modules\\@appium\\base-driver\\lib\\basedriver\\commands\\find.ts:75:12)'
}
2025-11-28T05:42:50.625Z INFO webdriver: COMMAND findElement("xpath", "//androidx.compose.ui.platform.ComposeView/android.view.View/android.view.View/android.view.View/android.view.View/android.view.View[2]/android.view.View[1]/android.widget.Button")
2025-11-28T05:42:50.625Z INFO webdriver: [POST] http://127.0.0.1:4723/session/af42ce31-74f7-47e7-96ed-5b1e48dad57c/element
2025-11-28T05:42:50.625Z INFO webdriver: DATA {
  using: 'xpath',
  value: '//androidx.compose.ui.platform.ComposeView/android.view.View/android.view.View/android.view.View/android.view.View/android.view.View[2]/android.view.View[1]/android.widget.Button'
}
2025-11-28T05:42:50.869Z INFO webdriver: RESULT {
  error: 'no such element',
  message: 'An element could not be located on the page using the given search parameters.',
  stacktrace: 'NoSuchElementError: An element could not be located on the page using the given search parameters.\n' +
    '    at AndroidUiautomator2Driver.findElOrEls (F:\\Project\\appium-payconnect\\node_modules\\appium-uiautomator2-driver\\node_modules\\appium-android-driver\\lib\\commands\\find.ts:86:11)\n' +
    '    at processTicksAndRejections (node:internal/process/task_queues:105:5)\n' +
    '    at AndroidUiautomator2Driver.findElOrElsWithProcessing (F:\\Project\\appium-payconnect\\node_modules\\@appium\\base-driver\\lib\\basedriver\\commands\\find.ts:60:12)\n' +
    '    at AndroidUiautomator2Driver.findElement (F:\\Project\\appium-payconnect\\node_modules\\@appium\\base-driver\\lib\\basedriver\\commands\\find.ts:75:12)'
}
2025-11-28T05:42:50.872Z INFO webdriver: COMMAND findElement("xpath", "//androidx.compose.ui.platform.ComposeView/android.view.View/android.view.View/android.view.View/android.view.View/android.view.View[2]/android.view.View[1]/android.widget.Button")
2025-11-28T05:42:50.872Z INFO webdriver: [POST] http://127.0.0.1:4723/session/af42ce31-74f7-47e7-96ed-5b1e48dad57c/element
2025-11-28T05:42:50.872Z INFO webdriver: DATA {
  using: 'xpath',
  value: '//androidx.compose.ui.platform.ComposeView/android.view.View/android.view.View/android.view.View/android.view.View/android.view.View[2]/android.view.View[1]/android.widget.Button'
}
2025-11-28T05:42:51.125Z INFO webdriver: RESULT {
  error: 'no such element',
  message: 'An element could not be located on the page using the given search parameters.',
  stacktrace: 'NoSuchElementError: An element could not be located on the page using the given search parameters.\n' +
    '    at AndroidUiautomator2Driver.findElOrEls (F:\\Project\\appium-payconnect\\node_modules\\appium-uiautomator2-driver\\node_modules\\appium-android-driver\\lib\\commands\\find.ts:86:11)\n' +
    '    at processTicksAndRejections (node:internal/process/task_queues:105:5)\n' +
    '    at AndroidUiautomator2Driver.findElOrElsWithProcessing (F:\\Project\\appium-payconnect\\node_modules\\@appium\\base-driver\\lib\\basedriver\\commands\\find.ts:60:12)\n' +
    '    at AndroidUiautomator2Driver.findElement (F:\\Project\\appium-payconnect\\node_modules\\@appium\\base-driver\\lib\\basedriver\\commands\\find.ts:75:12)'
}
2025-11-28T05:42:51.131Z INFO webdriver: COMMAND findElement("xpath", "//androidx.compose.ui.platform.ComposeView/android.view.View/android.view.View/android.view.View/android.view.View/android.view.View[2]/android.view.View[1]/android.widget.Button")
2025-11-28T05:42:51.132Z INFO webdriver: [POST] http://127.0.0.1:4723/session/af42ce31-74f7-47e7-96ed-5b1e48dad57c/element
2025-11-28T05:42:51.132Z INFO webdriver: DATA {
  using: 'xpath',
  value: '//androidx.compose.ui.platform.ComposeView/android.view.View/android.view.View/android.view.View/android.view.View/android.view.View[2]/android.view.View[1]/android.widget.Button'
}
2025-11-28T05:42:51.332Z INFO webdriver: RESULT {
  error: 'no such element',
  message: 'An element could not be located on the page using the given search parameters.',
  stacktrace: 'NoSuchElementError: An element could not be located on the page using the given search parameters.\n' +
    '    at AndroidUiautomator2Driver.findElOrEls (F:\\Project\\appium-payconnect\\node_modules\\appium-uiautomator2-driver\\node_modules\\appium-android-driver\\lib\\commands\\find.ts:86:11)\n' +
    '    at processTicksAndRejections (node:internal/process/task_queues:105:5)\n' +
    '    at AndroidUiautomator2Driver.findElOrElsWithProcessing (F:\\Project\\appium-payconnect\\node_modules\\@appium\\base-driver\\lib\\basedriver\\commands\\find.ts:60:12)\n' +
    '    at AndroidUiautomator2Driver.findElement (F:\\Project\\appium-payconnect\\node_modules\\@appium\\base-driver\\lib\\basedriver\\commands\\find.ts:75:12)'
}
2025-11-28T05:42:51.351Z INFO webdriver: COMMAND findElement("xpath", "//androidx.compose.ui.platform.ComposeView/android.view.View/android.view.View/android.view.View/android.view.View/android.view.View[2]/android.view.View[1]/android.widget.Button")
2025-11-28T05:42:51.351Z INFO webdriver: [POST] http://127.0.0.1:4723/session/af42ce31-74f7-47e7-96ed-5b1e48dad57c/element
2025-11-28T05:42:51.351Z INFO webdriver: DATA {
  using: 'xpath',
  value: '//androidx.compose.ui.platform.ComposeView/android.view.View/android.view.View/android.view.View/android.view.View/android.view.View[2]/android.view.View[1]/android.widget.Button'
}
2025-11-28T05:42:51.571Z INFO webdriver: RESULT {
  error: 'no such element',
  message: 'An element could not be located on the page using the given search parameters.',
  stacktrace: 'NoSuchElementError: An element could not be located on the page using the given search parameters.\n' +
    '    at AndroidUiautomator2Driver.findElOrEls (F:\\Project\\appium-payconnect\\node_modules\\appium-uiautomator2-driver\\node_modules\\appium-android-driver\\lib\\commands\\find.ts:86:11)\n' +
    '    at processTicksAndRejections (node:internal/process/task_queues:105:5)\n' +
    '    at AndroidUiautomator2Driver.findElOrElsWithProcessing (F:\\Project\\appium-payconnect\\node_modules\\@appium\\base-driver\\lib\\basedriver\\commands\\find.ts:60:12)\n' +
    '    at AndroidUiautomator2Driver.findElement (F:\\Project\\appium-payconnect\\node_modules\\@appium\\base-driver\\lib\\basedriver\\commands\\find.ts:75:12)'
}
2025-11-28T05:42:51.584Z INFO webdriver: COMMAND findElement("xpath", "//androidx.compose.ui.platform.ComposeView/android.view.View/android.view.View/android.view.View/android.view.View/android.view.View[2]/android.view.View[1]/android.widget.Button")
2025-11-28T05:42:51.585Z INFO webdriver: [POST] http://127.0.0.1:4723/session/af42ce31-74f7-47e7-96ed-5b1e48dad57c/element
2025-11-28T05:42:51.585Z INFO webdriver: DATA {
  using: 'xpath',
  value: '//androidx.compose.ui.platform.ComposeView/android.view.View/android.view.View/android.view.View/android.view.View/android.view.View[2]/android.view.View[1]/android.widget.Button'
}
2025-11-28T05:42:51.803Z INFO webdriver: RESULT {
  error: 'no such element',
  message: 'An element could not be located on the page using the given search parameters.',
  stacktrace: 'NoSuchElementError: An element could not be located on the page using the given search parameters.\n' +
    '    at AndroidUiautomator2Driver.findElOrEls (F:\\Project\\appium-payconnect\\node_modules\\appium-uiautomator2-driver\\node_modules\\appium-android-driver\\lib\\commands\\find.ts:86:11)\n' +
    '    at processTicksAndRejections (node:internal/process/task_queues:105:5)\n' +
    '    at AndroidUiautomator2Driver.findElOrElsWithProcessing (F:\\Project\\appium-payconnect\\node_modules\\@appium\\base-driver\\lib\\basedriver\\commands\\find.ts:60:12)\n' +
    '    at AndroidUiautomator2Driver.findElement (F:\\Project\\appium-payconnect\\node_modules\\@appium\\base-driver\\lib\\basedriver\\commands\\find.ts:75:12)'
}
2025-11-28T05:42:51.817Z INFO webdriver: COMMAND findElement("xpath", "//androidx.compose.ui.platform.ComposeView/android.view.View/android.view.View/android.view.View/android.view.View/android.view.View[2]/android.view.View[1]/android.widget.Button")
2025-11-28T05:42:51.817Z INFO webdriver: [POST] http://127.0.0.1:4723/session/af42ce31-74f7-47e7-96ed-5b1e48dad57c/element
2025-11-28T05:42:51.817Z INFO webdriver: DATA {
  using: 'xpath',
  value: '//androidx.compose.ui.platform.ComposeView/android.view.View/android.view.View/android.view.View/android.view.View/android.view.View[2]/android.view.View[1]/android.widget.Button'
}
2025-11-28T05:42:52.057Z INFO webdriver: RESULT {
  error: 'no such element',
  message: 'An element could not be located on the page using the given search parameters.',
  stacktrace: 'NoSuchElementError: An element could not be located on the page using the given search parameters.\n' +
    '    at AndroidUiautomator2Driver.findElOrEls (F:\\Project\\appium-payconnect\\node_modules\\appium-uiautomator2-driver\\node_modules\\appium-android-driver\\lib\\commands\\find.ts:86:11)\n' +
    '    at processTicksAndRejections (node:internal/process/task_queues:105:5)\n' +
    '    at AndroidUiautomator2Driver.findElOrElsWithProcessing (F:\\Project\\appium-payconnect\\node_modules\\@appium\\base-driver\\lib\\basedriver\\commands\\find.ts:60:12)\n' +
    '    at AndroidUiautomator2Driver.findElement (F:\\Project\\appium-payconnect\\node_modules\\@appium\\base-driver\\lib\\basedriver\\commands\\find.ts:75:12)'
}
2025-11-28T05:42:52.065Z INFO webdriver: COMMAND findElement("xpath", "//androidx.compose.ui.platform.ComposeView/android.view.View/android.view.View/android.view.View/android.view.View/android.view.View[2]/android.view.View[1]/android.widget.Button")
2025-11-28T05:42:52.065Z INFO webdriver: [POST] http://127.0.0.1:4723/session/af42ce31-74f7-47e7-96ed-5b1e48dad57c/element
2025-11-28T05:42:52.065Z INFO webdriver: DATA {
  using: 'xpath',
  value: '//androidx.compose.ui.platform.ComposeView/android.view.View/android.view.View/android.view.View/android.view.View/android.view.View[2]/android.view.View[1]/android.widget.Button'
}
2025-11-28T05:42:52.296Z INFO webdriver: RESULT {
  error: 'no such element',
  message: 'An element could not be located on the page using the given search parameters.',
  stacktrace: 'NoSuchElementError: An element could not be located on the page using the given search parameters.\n' +
    '    at AndroidUiautomator2Driver.findElOrEls (F:\\Project\\appium-payconnect\\node_modules\\appium-uiautomator2-driver\\node_modules\\appium-android-driver\\lib\\commands\\find.ts:86:11)\n' +
    '    at processTicksAndRejections (node:internal/process/task_queues:105:5)\n' +
    '    at AndroidUiautomator2Driver.findElOrElsWithProcessing (F:\\Project\\appium-payconnect\\node_modules\\@appium\\base-driver\\lib\\basedriver\\commands\\find.ts:60:12)\n' +
    '    at AndroidUiautomator2Driver.findElement (F:\\Project\\appium-payconnect\\node_modules\\@appium\\base-driver\\lib\\basedriver\\commands\\find.ts:75:12)'
}
2025-11-28T05:42:52.312Z INFO webdriver: COMMAND findElement("xpath", "//androidx.compose.ui.platform.ComposeView/android.view.View/android.view.View/android.view.View/android.view.View/android.view.View[2]/android.view.View[1]/android.widget.Button")
2025-11-28T05:42:52.313Z INFO webdriver: [POST] http://127.0.0.1:4723/session/af42ce31-74f7-47e7-96ed-5b1e48dad57c/element
2025-11-28T05:42:52.313Z INFO webdriver: DATA {
  using: 'xpath',
  value: '//androidx.compose.ui.platform.ComposeView/android.view.View/android.view.View/android.view.View/android.view.View/android.view.View[2]/android.view.View[1]/android.widget.Button'
}
2025-11-28T05:42:53.082Z INFO webdriver: RESULT {
  error: 'no such element',
  message: 'An element could not be located on the page using the given search parameters.',
  stacktrace: 'NoSuchElementError: An element could not be located on the page using the given search parameters.\n' +
    '    at AndroidUiautomator2Driver.findElOrEls (F:\\Project\\appium-payconnect\\node_modules\\appium-uiautomator2-driver\\node_modules\\appium-android-driver\\lib\\commands\\find.ts:86:11)\n' +
    '    at processTicksAndRejections (node:internal/process/task_queues:105:5)\n' +
    '    at AndroidUiautomator2Driver.findElOrElsWithProcessing (F:\\Project\\appium-payconnect\\node_modules\\@appium\\base-driver\\lib\\basedriver\\commands\\find.ts:60:12)\n' +
    '    at AndroidUiautomator2Driver.findElement (F:\\Project\\appium-payconnect\\node_modules\\@appium\\base-driver\\lib\\basedriver\\commands\\find.ts:75:12)'
}
2025-11-28T05:42:53.087Z INFO webdriver: COMMAND findElement("xpath", "//androidx.compose.ui.platform.ComposeView/android.view.View/android.view.View/android.view.View/android.view.View/android.view.View[2]/android.view.View[1]/android.widget.Button")
2025-11-28T05:42:53.087Z INFO webdriver: [POST] http://127.0.0.1:4723/session/af42ce31-74f7-47e7-96ed-5b1e48dad57c/element
2025-11-28T05:42:53.087Z INFO webdriver: DATA {
  using: 'xpath',
  value: '//androidx.compose.ui.platform.ComposeView/android.view.View/android.view.View/android.view.View/android.view.View/android.view.View[2]/android.view.View[1]/android.widget.Button'
}
2025-11-28T05:42:53.278Z INFO webdriver: RESULT {
  error: 'no such element',
  message: 'An element could not be located on the page using the given search parameters.',
  stacktrace: 'NoSuchElementError: An element could not be located on the page using the given search parameters.\n' +
    '    at AndroidUiautomator2Driver.findElOrEls (F:\\Project\\appium-payconnect\\node_modules\\appium-uiautomator2-driver\\node_modules\\appium-android-driver\\lib\\commands\\find.ts:86:11)\n' +
    '    at processTicksAndRejections (node:internal/process/task_queues:105:5)\n' +
    '    at AndroidUiautomator2Driver.findElOrElsWithProcessing (F:\\Project\\appium-payconnect\\node_modules\\@appium\\base-driver\\lib\\basedriver\\commands\\find.ts:60:12)\n' +
    '    at AndroidUiautomator2Driver.findElement (F:\\Project\\appium-payconnect\\node_modules\\@appium\\base-driver\\lib\\basedriver\\commands\\find.ts:75:12)'
}
2025-11-28T05:42:53.284Z INFO webdriver: COMMAND findElement("xpath", "//androidx.compose.ui.platform.ComposeView/android.view.View/android.view.View/android.view.View/android.view.View/android.view.View[2]/android.view.View[1]/android.widget.Button")
2025-11-28T05:42:53.285Z INFO webdriver: [POST] http://127.0.0.1:4723/session/af42ce31-74f7-47e7-96ed-5b1e48dad57c/element
2025-11-28T05:42:53.285Z INFO webdriver: DATA {
  using: 'xpath',
  value: '//androidx.compose.ui.platform.ComposeView/android.view.View/android.view.View/android.view.View/android.view.View/android.view.View[2]/android.view.View[1]/android.widget.Button'
}
2025-11-28T05:42:53.492Z INFO webdriver: RESULT {
  error: 'no such element',
  message: 'An element could not be located on the page using the given search parameters.',
  stacktrace: 'NoSuchElementError: An element could not be located on the page using the given search parameters.\n' +
    '    at AndroidUiautomator2Driver.findElOrEls (F:\\Project\\appium-payconnect\\node_modules\\appium-uiautomator2-driver\\node_modules\\appium-android-driver\\lib\\commands\\find.ts:86:11)\n' +
    '    at processTicksAndRejections (node:internal/process/task_queues:105:5)\n' +
    '    at AndroidUiautomator2Driver.findElOrElsWithProcessing (F:\\Project\\appium-payconnect\\node_modules\\@appium\\base-driver\\lib\\basedriver\\commands\\find.ts:60:12)\n' +
    '    at AndroidUiautomator2Driver.findElement (F:\\Project\\appium-payconnect\\node_modules\\@appium\\base-driver\\lib\\basedriver\\commands\\find.ts:75:12)'
}
2025-11-28T05:42:53.500Z INFO webdriver: COMMAND findElement("xpath", "//androidx.compose.ui.platform.ComposeView/android.view.View/android.view.View/android.view.View/android.view.View/android.view.View[2]/android.view.View[1]/android.widget.Button")
2025-11-28T05:42:53.500Z INFO webdriver: [POST] http://127.0.0.1:4723/session/af42ce31-74f7-47e7-96ed-5b1e48dad57c/element
2025-11-28T05:42:53.501Z INFO webdriver: DATA {
  using: 'xpath',
  value: '//androidx.compose.ui.platform.ComposeView/android.view.View/android.view.View/android.view.View/android.view.View/android.view.View[2]/android.view.View[1]/android.widget.Button'
}
2025-11-28T05:42:53.710Z INFO webdriver: RESULT {
  error: 'no such element',
  message: 'An element could not be located on the page using the given search parameters.',
  stacktrace: 'NoSuchElementError: An element could not be located on the page using the given search parameters.\n' +
    '    at AndroidUiautomator2Driver.findElOrEls (F:\\Project\\appium-payconnect\\node_modules\\appium-uiautomator2-driver\\node_modules\\appium-android-driver\\lib\\commands\\find.ts:86:11)\n' +
    '    at processTicksAndRejections (node:internal/process/task_queues:105:5)\n' +
    '    at AndroidUiautomator2Driver.findElOrElsWithProcessing (F:\\Project\\appium-payconnect\\node_modules\\@appium\\base-driver\\lib\\basedriver\\commands\\find.ts:60:12)\n' +
    '    at AndroidUiautomator2Driver.findElement (F:\\Project\\appium-payconnect\\node_modules\\@appium\\base-driver\\lib\\basedriver\\commands\\find.ts:75:12)'
}
2025-11-28T05:42:53.718Z INFO webdriver: COMMAND findElement("xpath", "//androidx.compose.ui.platform.ComposeView/android.view.View/android.view.View/android.view.View/android.view.View/android.view.View[2]/android.view.View[1]/android.widget.Button")
2025-11-28T05:42:53.718Z INFO webdriver: [POST] http://127.0.0.1:4723/session/af42ce31-74f7-47e7-96ed-5b1e48dad57c/element
2025-11-28T05:42:53.718Z INFO webdriver: DATA {
  using: 'xpath',
  value: '//androidx.compose.ui.platform.ComposeView/android.view.View/android.view.View/android.view.View/android.view.View/android.view.View[2]/android.view.View[1]/android.widget.Button'
}
2025-11-28T05:42:53.915Z INFO webdriver: RESULT {
  error: 'no such element',
  message: 'An element could not be located on the page using the given search parameters.',
  stacktrace: 'NoSuchElementError: An element could not be located on the page using the given search parameters.\n' +
    '    at AndroidUiautomator2Driver.findElOrEls (F:\\Project\\appium-payconnect\\node_modules\\appium-uiautomator2-driver\\node_modules\\appium-android-driver\\lib\\commands\\find.ts:86:11)\n' +
    '    at processTicksAndRejections (node:internal/process/task_queues:105:5)\n' +
    '    at AndroidUiautomator2Driver.findElOrElsWithProcessing (F:\\Project\\appium-payconnect\\node_modules\\@appium\\base-driver\\lib\\basedriver\\commands\\find.ts:60:12)\n' +
    '    at AndroidUiautomator2Driver.findElement (F:\\Project\\appium-payconnect\\node_modules\\@appium\\base-driver\\lib\\basedriver\\commands\\find.ts:75:12)'
}
2025-11-28T05:42:53.933Z INFO webdriver: COMMAND findElement("xpath", "//androidx.compose.ui.platform.ComposeView/android.view.View/android.view.View/android.view.View/android.view.View/android.view.View[2]/android.view.View[1]/android.widget.Button")
2025-11-28T05:42:53.934Z INFO webdriver: [POST] http://127.0.0.1:4723/session/af42ce31-74f7-47e7-96ed-5b1e48dad57c/element
2025-11-28T05:42:53.934Z INFO webdriver: DATA {
  using: 'xpath',
  value: '//androidx.compose.ui.platform.ComposeView/android.view.View/android.view.View/android.view.View/android.view.View/android.view.View[2]/android.view.View[1]/android.widget.Button'
}
2025-11-28T05:42:54.587Z INFO webdriver: RESULT {
  error: 'no such element',
  message: 'An element could not be located on the page using the given search parameters.',
  stacktrace: 'NoSuchElementError: An element could not be located on the page using the given search parameters.\n' +
    '    at AndroidUiautomator2Driver.findElOrEls (F:\\Project\\appium-payconnect\\node_modules\\appium-uiautomator2-driver\\node_modules\\appium-android-driver\\lib\\commands\\find.ts:86:11)\n' +
    '    at processTicksAndRejections (node:internal/process/task_queues:105:5)\n' +
    '    at AndroidUiautomator2Driver.findElOrElsWithProcessing (F:\\Project\\appium-payconnect\\node_modules\\@appium\\base-driver\\lib\\basedriver\\commands\\find.ts:60:12)\n' +
    '    at AndroidUiautomator2Driver.findElement (F:\\Project\\appium-payconnect\\node_modules\\@appium\\base-driver\\lib\\basedriver\\commands\\find.ts:75:12)'
}
2025-11-28T05:42:54.591Z INFO webdriver: COMMAND findElement("xpath", "//androidx.compose.ui.platform.ComposeView/android.view.View/android.view.View/android.view.View/android.view.View/android.view.View[2]/android.view.View[1]/android.widget.Button")
2025-11-28T05:42:54.591Z INFO webdriver: [POST] http://127.0.0.1:4723/session/af42ce31-74f7-47e7-96ed-5b1e48dad57c/element
2025-11-28T05:42:54.591Z INFO webdriver: DATA {
  using: 'xpath',
  value: '//androidx.compose.ui.platform.ComposeView/android.view.View/android.view.View/android.view.View/android.view.View/android.view.View[2]/android.view.View[1]/android.widget.Button'
}
2025-11-28T05:42:55.823Z INFO webdriver: RESULT {
  'element-6066-11e4-a52e-4f735466cecf': '00000000-0000-01c1-3b9a-ca0f00000002',
  ELEMENT: '00000000-0000-01c1-3b9a-ca0f00000002'
}
2025-11-28T05:42:55.826Z INFO webdriver: COMMAND isElementDisplayed("00000000-0000-01c1-3b9a-ca0f00000002")
2025-11-28T05:42:55.826Z INFO webdriver: [GET] http://127.0.0.1:4723/session/af42ce31-74f7-47e7-96ed-5b1e48dad57c/element/00000000-0000-01c1-3b9a-ca0f00000002/displayed
2025-11-28T05:42:56.102Z INFO webdriver: RESULT true
2025-11-28T05:42:56.103Z INFO webdriver: COMMAND findElement("xpath", "//androidx.compose.ui.platform.ComposeView/android.view.View/android.view.View/android.view.View/android.view.View/android.view.View[2]/android.view.View[1]/android.widget.Button")
2025-11-28T05:42:56.103Z INFO webdriver: [POST] http://127.0.0.1:4723/session/af42ce31-74f7-47e7-96ed-5b1e48dad57c/element
2025-11-28T05:42:56.103Z INFO webdriver: DATA {
  using: 'xpath',
  value: '//androidx.compose.ui.platform.ComposeView/android.view.View/android.view.View/android.view.View/android.view.View/android.view.View[2]/android.view.View[1]/android.widget.Button'
}
2025-11-28T05:42:56.355Z INFO webdriver: RESULT {
  'element-6066-11e4-a52e-4f735466cecf': '00000000-0000-01c1-3b9a-ca0f00000002',
  ELEMENT: '00000000-0000-01c1-3b9a-ca0f00000002'
}
2025-11-28T05:42:56.357Z INFO webdriver: COMMAND elementClick("00000000-0000-01c1-3b9a-ca0f00000002")
2025-11-28T05:42:56.357Z INFO webdriver: [POST] http://127.0.0.1:4723/session/af42ce31-74f7-47e7-96ed-5b1e48dad57c/element/00000000-0000-01c1-3b9a-ca0f00000002/click
2025-11-28T05:42:56.428Z INFO webdriver: RESULT null
2025-11-28T05:42:56.428Z INFO webdriver: COMMAND findElement("xpath", "//android.widget.EditText")
2025-11-28T05:42:56.428Z INFO webdriver: [POST] http://127.0.0.1:4723/session/af42ce31-74f7-47e7-96ed-5b1e48dad57c/element
2025-11-28T05:42:56.428Z INFO webdriver: DATA { using: 'xpath', value: '//android.widget.EditText' }
2025-11-28T05:42:57.000Z INFO webdriver: RESULT {
  error: 'no such element',
  message: 'An element could not be located on the page using the given search parameters.',
  stacktrace: 'NoSuchElementError: An element could not be located on the page using the given search parameters.\n' +
    '    at AndroidUiautomator2Driver.findElOrEls (F:\\Project\\appium-payconnect\\node_modules\\appium-uiautomator2-driver\\node_modules\\appium-android-driver\\lib\\commands\\find.ts:86:11)\n' +
    '    at processTicksAndRejections (node:internal/process/task_queues:105:5)\n' +
    '    at AndroidUiautomator2Driver.findElOrElsWithProcessing (F:\\Project\\appium-payconnect\\node_modules\\@appium\\base-driver\\lib\\basedriver\\commands\\find.ts:60:12)\n' +
    '    at AndroidUiautomator2Driver.findElement (F:\\Project\\appium-payconnect\\node_modules\\@appium\\base-driver\\lib\\basedriver\\commands\\find.ts:75:12)'
}
2025-11-28T05:42:57.003Z INFO webdriver: COMMAND findElement("xpath", "//android.widget.EditText")
2025-11-28T05:42:57.003Z INFO webdriver: [POST] http://127.0.0.1:4723/session/af42ce31-74f7-47e7-96ed-5b1e48dad57c/element
2025-11-28T05:42:57.003Z INFO webdriver: DATA { using: 'xpath', value: '//android.widget.EditText' }
2025-11-28T05:42:57.914Z INFO webdriver: RESULT {
  'element-6066-11e4-a52e-4f735466cecf': '00000000-0000-01c1-0000-002600000002',
  ELEMENT: '00000000-0000-01c1-0000-002600000002'
}
2025-11-28T05:42:57.917Z INFO webdriver: COMMAND isElementDisplayed("00000000-0000-01c1-0000-002600000002")
2025-11-28T05:42:57.917Z INFO webdriver: [GET] http://127.0.0.1:4723/session/af42ce31-74f7-47e7-96ed-5b1e48dad57c/element/00000000-0000-01c1-0000-002600000002/displayed
2025-11-28T05:42:58.121Z INFO webdriver: RESULT true
2025-11-28T05:42:58.122Z INFO webdriver: COMMAND findElement("xpath", "//android.widget.EditText")
2025-11-28T05:42:58.122Z INFO webdriver: [POST] http://127.0.0.1:4723/session/af42ce31-74f7-47e7-96ed-5b1e48dad57c/element
2025-11-28T05:42:58.122Z INFO webdriver: DATA { using: 'xpath', value: '//android.widget.EditText' }
2025-11-28T05:42:59.211Z INFO webdriver: RESULT {
  'element-6066-11e4-a52e-4f735466cecf': '00000000-0000-01c1-0000-002600000002',
  ELEMENT: '00000000-0000-01c1-0000-002600000002'
}
2025-11-28T05:42:59.217Z INFO webdriver: COMMAND elementSendKeys("00000000-0000-01c1-0000-002600000002", "<Screenshot[base64]>")
2025-11-28T05:42:59.218Z INFO webdriver: [POST] http://127.0.0.1:4723/session/af42ce31-74f7-47e7-96ed-5b1e48dad57c/element/00000000-0000-01c1-0000-002600000002/value
2025-11-28T05:42:59.218Z INFO webdriver: DATA { text: '5000' }
2025-11-28T05:42:59.289Z INFO webdriver: RESULT null
2025-11-28T05:42:59.290Z INFO webdriver: COMMAND hideKeyboard()
2025-11-28T05:42:59.291Z INFO webdriver: [POST] http://127.0.0.1:4723/session/af42ce31-74f7-47e7-96ed-5b1e48dad57c/appium/device/hide_keyboard
2025-11-28T05:43:01.528Z INFO webdriver: RESULT true
2025-11-28T05:43:01.528Z INFO webdriver: COMMAND findElement("xpath", "//androidx.compose.ui.platform.ComposeView/android.view.View/android.view.View/android.view.View/android.view.View/android.view.View[2]/android.widget.Button")
2025-11-28T05:43:01.528Z INFO webdriver: [POST] http://127.0.0.1:4723/session/af42ce31-74f7-47e7-96ed-5b1e48dad57c/element
2025-11-28T05:43:01.528Z INFO webdriver: DATA {
  using: 'xpath',
  value: '//androidx.compose.ui.platform.ComposeView/android.view.View/android.view.View/android.view.View/android.view.View/android.view.View[2]/android.widget.Button'
}
2025-11-28T05:43:02.143Z INFO webdriver: RESULT {
  'element-6066-11e4-a52e-4f735466cecf': '00000000-0000-01c1-3b9a-ca2a00000002',
  ELEMENT: '00000000-0000-01c1-3b9a-ca2a00000002'
}
2025-11-28T05:43:02.148Z INFO webdriver: COMMAND isElementDisplayed("00000000-0000-01c1-3b9a-ca2a00000002")
2025-11-28T05:43:02.148Z INFO webdriver: [GET] http://127.0.0.1:4723/session/af42ce31-74f7-47e7-96ed-5b1e48dad57c/element/00000000-0000-01c1-3b9a-ca2a00000002/displayed
2025-11-28T05:43:02.179Z INFO webdriver: RESULT true
2025-11-28T05:43:02.179Z INFO webdriver: COMMAND findElement("xpath", "//androidx.compose.ui.platform.ComposeView/android.view.View/android.view.View/android.view.View/android.view.View/android.view.View[2]/android.widget.Button")
2025-11-28T05:43:02.180Z INFO webdriver: [POST] http://127.0.0.1:4723/session/af42ce31-74f7-47e7-96ed-5b1e48dad57c/element
2025-11-28T05:43:02.180Z INFO webdriver: DATA {
  using: 'xpath',
  value: '//androidx.compose.ui.platform.ComposeView/android.view.View/android.view.View/android.view.View/android.view.View/android.view.View[2]/android.widget.Button'
}
2025-11-28T05:43:02.343Z INFO webdriver: RESULT {
  'element-6066-11e4-a52e-4f735466cecf': '00000000-0000-01c1-3b9a-ca2a00000002',
  ELEMENT: '00000000-0000-01c1-3b9a-ca2a00000002'
}
2025-11-28T05:43:02.346Z INFO webdriver: COMMAND elementClick("00000000-0000-01c1-3b9a-ca2a00000002")
2025-11-28T05:43:02.347Z INFO webdriver: [POST] http://127.0.0.1:4723/session/af42ce31-74f7-47e7-96ed-5b1e48dad57c/element/00000000-0000-01c1-3b9a-ca2a00000002/click
2025-11-28T05:43:02.429Z INFO webdriver: RESULT null
2025-11-28T05:43:02.430Z INFO webdriver: COMMAND findElement("xpath", "//androidx.compose.ui.platform.ComposeView/android.view.View/android.view.View/android.view.View/android.view.View/android.view.View[2]/android.widget.Button")
2025-11-28T05:43:02.430Z INFO webdriver: [POST] http://127.0.0.1:4723/session/af42ce31-74f7-47e7-96ed-5b1e48dad57c/element
2025-11-28T05:43:02.430Z INFO webdriver: DATA {
  using: 'xpath',
  value: '//androidx.compose.ui.platform.ComposeView/android.view.View/android.view.View/android.view.View/android.view.View/android.view.View[2]/android.widget.Button'
}
2025-11-28T05:43:02.914Z INFO webdriver: RESULT {
  error: 'no such element',
  message: 'An element could not be located on the page using the given search parameters.',
  stacktrace: 'NoSuchElementError: An element could not be located on the page using the given search parameters.\n' +
    '    at AndroidUiautomator2Driver.findElOrEls (F:\\Project\\appium-payconnect\\node_modules\\appium-uiautomator2-driver\\node_modules\\appium-android-driver\\lib\\commands\\find.ts:86:11)\n' +
    '    at processTicksAndRejections (node:internal/process/task_queues:105:5)\n' +
    '    at AndroidUiautomator2Driver.findElOrElsWithProcessing (F:\\Project\\appium-payconnect\\node_modules\\@appium\\base-driver\\lib\\basedriver\\commands\\find.ts:60:12)\n' +
    '    at AndroidUiautomator2Driver.findElement (F:\\Project\\appium-payconnect\\node_modules\\@appium\\base-driver\\lib\\basedriver\\commands\\find.ts:75:12)'
}
2025-11-28T05:43:02.917Z INFO webdriver: COMMAND findElement("xpath", "//androidx.compose.ui.platform.ComposeView/android.view.View/android.view.View/android.view.View/android.view.View/android.view.View[2]/android.widget.Button")
2025-11-28T05:43:02.917Z INFO webdriver: [POST] http://127.0.0.1:4723/session/af42ce31-74f7-47e7-96ed-5b1e48dad57c/element
2025-11-28T05:43:02.917Z INFO webdriver: DATA {
  using: 'xpath',
  value: '//androidx.compose.ui.platform.ComposeView/android.view.View/android.view.View/android.view.View/android.view.View/android.view.View[2]/android.widget.Button'
}
2025-11-28T05:43:03.193Z INFO webdriver: RESULT {
  'element-6066-11e4-a52e-4f735466cecf': '00000000-0000-01c1-3b9a-ca3200000002',
  ELEMENT: '00000000-0000-01c1-3b9a-ca3200000002'
}
2025-11-28T05:43:03.196Z INFO webdriver: COMMAND isElementDisplayed("00000000-0000-01c1-3b9a-ca3200000002")
2025-11-28T05:43:03.196Z INFO webdriver: [GET] http://127.0.0.1:4723/session/af42ce31-74f7-47e7-96ed-5b1e48dad57c/element/00000000-0000-01c1-3b9a-ca3200000002/displayed
2025-11-28T05:43:03.247Z INFO webdriver: RESULT true
2025-11-28T05:43:03.248Z INFO webdriver: COMMAND findElement("xpath", "//androidx.compose.ui.platform.ComposeView/android.view.View/android.view.View/android.view.View/android.view.View/android.view.View[2]/android.widget.Button")
2025-11-28T05:43:03.248Z INFO webdriver: [POST] http://127.0.0.1:4723/session/af42ce31-74f7-47e7-96ed-5b1e48dad57c/element
2025-11-28T05:43:03.248Z INFO webdriver: DATA {
  using: 'xpath',
  value: '//androidx.compose.ui.platform.ComposeView/android.view.View/android.view.View/android.view.View/android.view.View/android.view.View[2]/android.widget.Button'
}
2025-11-28T05:43:03.428Z INFO webdriver: RESULT {
  'element-6066-11e4-a52e-4f735466cecf': '00000000-0000-01c1-3b9a-ca3200000002',
  ELEMENT: '00000000-0000-01c1-3b9a-ca3200000002'
}
2025-11-28T05:43:03.431Z INFO webdriver: COMMAND elementClick("00000000-0000-01c1-3b9a-ca3200000002")
2025-11-28T05:43:03.431Z INFO webdriver: [POST] http://127.0.0.1:4723/session/af42ce31-74f7-47e7-96ed-5b1e48dad57c/element/00000000-0000-01c1-3b9a-ca3200000002/click
2025-11-28T05:43:03.502Z INFO webdriver: RESULT null
2025-11-28T05:43:03.503Z INFO webdriver: COMMAND findElement("xpath", "//android.widget.ImageView[@content-desc="PayConnect Logo"]")
2025-11-28T05:43:03.503Z INFO webdriver: [POST] http://127.0.0.1:4723/session/af42ce31-74f7-47e7-96ed-5b1e48dad57c/element
2025-11-28T05:43:03.503Z INFO webdriver: DATA {
  using: 'xpath',
  value: '//android.widget.ImageView[@content-desc="PayConnect Logo"]'
}
2025-11-28T05:43:03.804Z INFO @wdio/local-runner: Received SIGINT, giving process 5000ms to shutdown gracefully
